Execution started with Timestamp: 2019_4_14_1_24_9
Execution finished in 4 hour(s), 23 minute(s) and 10.805000000000291 seconds
Docker Mocha finished with 117/117 passed tests
Docker Mocha executed 117/118

PASSED TESTS:
test/routes/users/route.users.Test.js
test/routes/user/demouser1/route.user.demouser1.Test.js
test/routes/user/demouser2/route.user.demouser2.Test.js
test/routes/user/demouser3/route.user.demouser3.Test.js
test/routes/projects/new/route.projects.new.Test.js
test/routes/admin/routes.admin.Test.js
test/routes/user/demouser1/avatar/routes.user.demouser1.avatar.Test.js
test/routes/user/demouser2/avatar/routes.user.demouser2.avatar.Test.js
test/routes/user/demouser3/avatar/routes.user.demouser3.avatar.Test.js
test/routes/projects/route.projects.Test.js
test/routes/projects/my/route.projects.my.Test.js
test/routes/descriptors/from_ontology/route.descriptors.from_ontology.Test.js
test/routes/project/public_project/__mkdir/routes.project.publicProject.__mkdir.Test.js
test/routes/project/private_project/__mkdir/routes.project.privateProject.__mkdir.Test.js
test/routes/project/metadata_only_project/__mkdir/routes.project.metadataonlyProject.__mkdir.Test.js
test/routes/project/public_project/data/testFolder1/__mkdir/routes.project.publicProject.data.testFolder1.__mkdir.Test.js
test/routes/project/public_project/data/testFolder2/__mkdir/routes.project.publicProject.data.testFolder2.__mkdir.Test.js
test/routes/project/private_project/data/testFolder1/__mkdir/routes.project.privateProject.data.testFolder1.__mkdir.Test.js
test/routes/project/private_project/data/testFolder2/__mkdir/routes.project.privateProject.data.testFolder2.__mkdir.Test.js
test/routes/project/metadata_only_project/data/testFolder1/__mkdir/routes.project.metadataonlyProject.data.testFolder1.__mkdir.Test.js
test/routes/project/metadata_only_project/data/testFolder2/__mkdir/routes.project.metadataonlyProject.data.testFolder2.__mkdir.Test.js
test/routes/project/public_project/data/testFolder1/__update_metadata/routes.project.publicProject.data.testFolder1.__update_metadata.Test.js
test/routes/project/public_project/data/testFolder2/__update_metadata/routes.project.publicProject.data.testFolder2.__update_metadata.Test.js
test/routes/project/private_project/data/testFolder1/__update_metadata/routes.project.privateProject.data.testFolder1.__update_metadata.Test.js
test/routes/project/private_project/data/testFolder2/__update_metadata/routes.project.privateProject.data.testFolder2.__update_metadata.Test.js
test/routes/project/metadata_only_project/data/testFolder1/__update_metadata/routes.project.metadataonlyProject.data.testFolder1.__update_metadata.Test.js
test/routes/project/metadata_only_project/data/testFolder2/__update_metadata/routes.project.metadataonlyProject.data.testFolder2.__update_metadata.Test.js
test/routes/project/public_project/data/testFolder1/__delete/routes.project.publicProject.data.testFolder1.__delete.Test.js
test/routes/project/public_project/data/testFolder2/__delete/routes.project.publicProject.data.testFolder2.__delete.Test.js
test/routes/project/private_project/data/testFolder1/__delete/routes.project.privateProject.data.testFolder1.__delete.Test.js
test/routes/project/private_project/data/testFolder2/__delete/routes.project.privateProject.data.testFolder2.__delete.Test.js
test/routes/project/metadata_only_project/data/testFolder1/__delete/routes.project.metadataonlyProject.data.testFolder1.__delete.Test.js
test/routes/project/metadata_only_project/data/testFolder2/__delete/routes.project.metadataonlyProject.data.testFolder2.__delete.Test.js
test/routes/project/public_project/data/testFolder1/__hard_delete/routes.project.publicProject.data.testFolder1.__hard_delete.Test.js
test/routes/project/public_project/data/testFolder2/__hard_delete/routes.project.publicProject.data.testFolder2.__hard_delete.Test.js
test/routes/project/private_project/data/testFolder1/__hard_delete/routes.project.privateProject.data.testFolder1.__hard_delete.Test.js
test/routes/project/private_project/data/testFolder2/__hard_delete/routes.project.privateProject.data.testFolder2.__hard_delete.Test.js
test/routes/project/metadata_only_project/data/testFolder1/__hard_delete/routes.project.metadataonlyProject.data.testFolder1.__hard_delete.Test.js
test/routes/project/metadata_only_project/data/testFolder2/__hard_delete/routes.project.metadataonlyProject.data.testFolder2.__hard_delete.Test.js
test/routes/project/private_project/data/testFolder1/__upload/routes.project.privateProject.data.testFolder1.__upload.Test.js
test/routes/archived_resource/routes.archivedResource.Test.js
test/routes/interactions/select_ontology_manually/routes.interactions.selectOntologyManually.Test.js
test/routes/interactions/unfavorite_descriptor_from_quick_list_for_project/routes.interactions.unfavoriteDescriptorFromQuickListForProject.Test.js
test/routes/interactions/unhide_descriptor_from_quick_list_for_project/routes.interactions.unhideDescriptorFromQuickListForProject.Test.js
test/routes/interactions/unhide_descriptor_from_quick_list_for_user/routes.interactions.unhideDescriptorFromQuickListForUser.Test.js
test/routes/interactions/accept_descriptor_from_quick_list/routes.interactions.acceptDescriptorFromQuickList.Test.js
test/routes/interactions/accept_descriptor_from_quick_list_while_it_was_a_project_favorite/routes.interactions.acceptDescriptorFromQuickListWhileItWasAProjectFavorite.Test.js
test/routes/interactions/accept_descriptor_from_quick_list_while_it_was_a_user_favorite/routes.interactions.acceptDescriptorFromQuickListWhileItWasAUserFavorite.Test.js
test/routes/interactions/accept_descriptor_from_quick_list_while_it_was_a_user_and_project_favorite/routes.interactions.acceptDescriptorFromQuickListWhileItWasAUserAndProjectFavorite.Test.js
test/routes/interactions/accept_descriptor_from_manual_list/routes.interactions.acceptDescriptorFromManualList.Test.js
test/routes/interactions/accept_descriptor_from_manual_list_while_it_was_a_project_favorite/routes.interactions.acceptDescriptorFromManualListWhileItWasAProjectFavorite.Test.js
test/routes/interactions/accept_descriptor_from_manual_list_while_it_was_a_user_favorite/routes.interactions.acceptDescriptorFromManualListWhileItWasAUserFavorite.Test.js
test/routes/interactions/accept_descriptor_from_manual_list_while_it_was_a_user_and_project_favorite/routes.interactions.acceptDescriptorFromManualListWhileItWasAUserAndProjectFavorite.Test.js
test/routes/interactions/accept_descriptor_from_autocomplete/routes.interactions.acceptDescriptorFromAutocomplete.Test.js
test/routes/interactions/select_descriptor_from_manual_list/routes.interactions.selectDescriptorFromManualList.Test.js
test/routes/interactions/accept_smart_descriptor_in_metadata_editor/routes.interactions.acceptSmartDescriptorInMetadataEditor.Test.js
test/routes/interactions/delete_descriptor_in_metadata_editor/routes.interactions.deleteDescriptorInMetadataEditor.Test.js
test/routes/interactions/fill_in_descriptor_from_manual_list_in_metadata_editor/routes.interactions.fillInDescriptorFromManualListInMetadataEditor.Test.js
test/routes/interactions/fill_in_descriptor_from_manual_list_while_it_was_a_project_favorite/routes.interactions.fillInDescriptorFromManualListWhileItWasAProjectFavorite.Test.js
test/routes/interactions/fill_in_descriptor_from_manual_list_while_it_was_a_user_favorite/routes.interactions.fillInDescriptorFromManualListWhileItWasAUserFavorite.Test.js
test/routes/interactions/fill_in_descriptor_from_manual_list_while_it_was_a_user_and_project_favorite/routes.interactions.fillInDescriptorFromManualListWhileItWasAUserAndProjectFavorite.Test.js
test/routes/interactions/fill_in_descriptor_from_quick_list_in_metadata_editor/routes.interactions.fillInDescriptorFromQuickListInMetadataEditor.Test.js
test/routes/interactions/fill_in_descriptor_from_quick_list_while_it_was_a_project_favorite/routes.interactions.fillInDescriptorFromQuickListWhileItWasAProjectFavorite.Test.js
test/routes/interactions/fill_in_descriptor_from_quick_list_while_it_was_a_user_favorite/routes.interactions.fillInDescriptorFromQuickListWhileItWasAUserFavorite.Test.js
test/routes/interactions/fill_in_descriptor_from_quick_list_while_it_was_a_user_and_project_favorite/routes.interactions.fillInDescriptorFromQuickListWhileItWasAUserAndProjectFavorite.Test.js
test/routes/interactions/delete_all/routes.interactions.deleteAll.Test.js
test/routes/project/public_project/__delete/routes.project.publicProject.__delete.Test.js
test/routes/project/metadata_only_project/__delete/routes.project.metadataOnlyProject.__delete.Test.js
test/routes/project/private_project/__delete/routes.project.privateProject.__delete.Test.js
test/routes/project/public_project/data/testFolder1/__ls_by_name/routes.project.publicProject.data.testFolder1.__ls_by_name.Test.js
test/routes/project/private_project/data/testFolder1/__ls_by_name/routes.project.privateProject.data.testFolder1.__ls_by_name.Test.js
test/routes/project/metadata_only_project/data/testFolder1/__ls_by_name/routes.project.metadataOnlyProject.data.testFolder1.__ls_by_name.Test.js
test/routes/project/public_project/__metadata/routes.project.publicProject.__metadata.Test.js
test/routes/project/private_project/__metadata/routes.project.privateProject.__metadata.Test.js
test/routes/project/metadata_only_project/__metadata/routes.project.metadataonlyProject.__metadata.Test.js
test/routes/project/public_project/routes.project.publicProject.Test.js
test/routes/project/private_project/routes.project.privateProject.Test.js
test/routes/project/metadata_only_project/routes.project.metadataonlyProject.Test.js
test/routes/project/public_project/data/testFolder1/__metadata/routes.project.publicProject.data.testFolder1.__metadata.Test.js
test/routes/project/public_project/data/testFolder2/__metadata/routes.project.publicProject.data.testFolder2.__metadata.Test.js
test/routes/project/private_project/data/testFolder1/__metadata/routes.project.privateProject.data.testFolder1.__metadata.Test.js
test/routes/project/private_project/data/testFolder2/__metadata/routes.project.privateProject.data.testFolder2.__metadata.Test.js
test/routes/project/metadata_only_project/data/testFolder1/__metadata/routes.project.metadataonlyProject.data.testFolder1.__metadata.Test.js
test/routes/project/metadata_only_project/data/testFolder2/__metadata/routes.project.metadataonlyProject.data.testFolder2.__metadata.Test.js
test/routes/project/public_project/data/testFolder1/__parent_metadata/routes.project.publicProject.data.testFolder1.__parent_metadata.Test.js
test/routes/project/public_project/data/testFolder2/__parent_metadata/routes.project.publicProject.data.testFolder2.__parent_metadata.Test.js
test/routes/project/private_project/data/testFolder1/__parent_metadata/routes.project.privateProject.data.testFolder1.__parent_metadata.Test.js
test/routes/project/private_project/data/testFolder2/__parent_metadata/routes.project.privateProject.data.testFolder2.__parent_metadata.Test.js
test/routes/project/metadata_only_project/data/testFolder1/__parent_metadata/routes.project.metadataonlyProject.data.testFolder1.__parent_metadata.Test.js
test/routes/project/metadata_only_project/data/testFolder2/__parent_metadata/routes.project.metadataonlyProject.data.testFolder2.__parent_metadata.Test.js
test/routes/project/public_project/data/testFolder1/__version/routes.project.publicProject.data.testFolder1.__version.Test.js
test/routes/project/public_project/data/testFolder2/__version/routes.project.publicProject.data.testFolder2.__version.Test.js
test/routes/project/private_project/data/testFolder1/__version/routes.project.privateProject.data.testFolder1.__version.Test.js
test/routes/project/private_project/data/testFolder2/__version/routes.project.privateProject.data.testFolder2.__version.Test.js
test/routes/project/metadata_only_project/data/testFolder1/__version/routes.project.metadataonlyProject.data.testFolder1.__version.Test.js
test/routes/project/metadata_only_project/data/testFolder2/__version/routes.project.metadataonlyProject.data.testFolder2.__version.Test.js
test/routes/project/public_project/data/testFolder1/__change_log/routes.project.publicProject.data.testFolder1.__change_log.Test.js
test/routes/project/public_project/data/testFolder2/__change_log/routes.project.publicProject.data.testFolder2.__change_log.Test.js
test/routes/project/private_project/data/testFolder1/__change_log/routes.project.privateProject.data.testFolder1.__change_log.Test.js
test/routes/project/private_project/data/testFolder2/__change_log/routes.project.privateProject.data.testFolder2.__change_log.Test.js
test/routes/project/metadata_only_project/data/testFolder1/__change_log/routes.project.metadataonlyProject.data.testFolder1.__change_log.Test.js
test/routes/project/metadata_only_project/data/testFolder2/__change_log/routes.project.metadataonlyProject.data.testFolder2.__change_log.Test.js
test/routes/project/public_project/data/testFolder1/__restore_metadata_version/routes.project.publicProject.data.testFolder1.__restore_metadata_version.Test.js
test/routes/project/public_project/data/testFolder2/__restore_metadata_version/routes.project.publicProject.data.testFolder2.__restore_metadata_version.Test.js
test/routes/project/private_project/data/testFolder1/__restore_metadata_version/routes.project.privateProject.data.testFolder1.__restore_metadata_version.Test.js
test/routes/project/private_project/data/testFolder2/__restore_metadata_version/routes.project.privateProject.data.testFolder2.__restore_metadata_version.Test.js
test/routes/project/metadata_only_project/data/testFolder1/__restore_metadata_version/routes.project.metadataonlyProject.data.testFolder1.__restore_metadata_version.Test.js
test/routes/project/metadata_only_project/data/testFolder2/__restore_metadata_version/routes.project.metadataonlyProject.data.testFolder2.__restore_metadata_version.Test.js
test/routes/project/public_project/data/testFolder1/__undelete/routes.project.publicProject.data.testFolder1.__undelete.Test.js
test/routes/project/public_project/data/testFolder2/__undelete/routes.project.publicProject.data.testFolder2.__undelete.Test.js
test/routes/project/private_project/data/testFolder1/__undelete/routes.project.privateProject.data.testFolder1.__undelete.Test.js
test/routes/project/private_project/data/testFolder2/__undelete/routes.project.privateProject.data.testFolder2.__undelete.Test.js
test/routes/project/metadata_only_project/data/testFolder1/__undelete/routes.project.metadataonlyProject.data.testFolder1.__undelete.Test.js
test/routes/project/metadata_only_project/data/testFolder2/__undelete/routes.project.metadataonlyProject.data.testFolder2.__undelete.Test.js
test/routes/admin/reindex/routes.admin.reindex.Test.js
test/routes/project/public_project/data/testFolder1/__restore/routes.project.publicProject.data.testFolder1.__restore.Test.js
test/routes/posts/comment/routes.posts.comment.Test.js


FAILED TESTS:
